Determining if the Q_WS_WIN exist failed with the following output:
Change Dir: /home/reza/Qt_Workspace/Authomatic_Edge_Selection/build/CMakeFiles/CMakeTmp

Run Build Command:/usr/bin/make "cmTryCompileExec1641994429/fast"
/usr/bin/make -f CMakeFiles/cmTryCompileExec1641994429.dir/build.make CMakeFiles/cmTryCompileExec1641994429.dir/build
make[1]: Entering directory `/home/reza/Qt_Workspace/Authomatic_Edge_Selection/build/CMakeFiles/CMakeTmp'
/usr/bin/cmake -E cmake_progress_report /home/reza/Qt_Workspace/Authomatic_Edge_Selection/build/CMakeFiles/CMakeTmp/CMakeFiles 1
Building CXX object CMakeFiles/cmTryCompileExec1641994429.dir/CheckSymbolExists.cxx.o
/usr/bin/c++    -I/usr/include/qt4    -o CMakeFiles/cmTryCompileExec1641994429.dir/CheckSymbolExists.cxx.o -c /home/reza/Qt_Workspace/Authomatic_Edge_Selection/build/CMakeFiles/CMakeTmp/CheckSymbolExists.cxx
/home/reza/Qt_Workspace/Authomatic_Edge_Selection/build/CMakeFiles/CMakeTmp/CheckSymbolExists.cxx: In function ‘int main(int, char**)’:
/home/reza/Qt_Workspace/Authomatic_Edge_Selection/build/CMakeFiles/CMakeTmp/CheckSymbolExists.cxx:8:19: error: ‘Q_WS_WIN’ was not declared in this scope
   return ((int*)(&Q_WS_WIN))[argc];
                   ^
make[1]: Leaving directory `/home/reza/Qt_Workspace/Authomatic_Edge_Selection/build/CMakeFiles/CMakeTmp'
make[1]: *** [CMakeFiles/cmTryCompileExec1641994429.dir/CheckSymbolExists.cxx.o] Error 1
make: *** [cmTryCompileExec1641994429/fast] Error 2

File /home/reza/Qt_Workspace/Authomatic_Edge_Selection/build/CMakeFiles/CMakeTmp/CheckSymbolExists.cxx:
/* */
#include <QtCore/qglobal.h>

int main(int argc, char** argv)
{
  (void)argv;
#ifndef Q_WS_WIN
  return ((int*)(&Q_WS_WIN))[argc];
#else
  (void)argc;
  return 0;
#endif
}

Determining if the Q_WS_QWS exist failed with the following output:
Change Dir: /home/reza/Qt_Workspace/Authomatic_Edge_Selection/build/CMakeFiles/CMakeTmp

Run Build Command:/usr/bin/make "cmTryCompileExec1729587579/fast"
/usr/bin/make -f CMakeFiles/cmTryCompileExec1729587579.dir/build.make CMakeFiles/cmTryCompileExec1729587579.dir/build
make[1]: Entering directory `/home/reza/Qt_Workspace/Authomatic_Edge_Selection/build/CMakeFiles/CMakeTmp'
/usr/bin/cmake -E cmake_progress_report /home/reza/Qt_Workspace/Authomatic_Edge_Selection/build/CMakeFiles/CMakeTmp/CMakeFiles 1
Building CXX object CMakeFiles/cmTryCompileExec1729587579.dir/CheckSymbolExists.cxx.o
/usr/bin/c++    -I/usr/include/qt4    -o CMakeFiles/cmTryCompileExec1729587579.dir/CheckSymbolExists.cxx.o -c /home/reza/Qt_Workspace/Authomatic_Edge_Selection/build/CMakeFiles/CMakeTmp/CheckSymbolExists.cxx
/home/reza/Qt_Workspace/Authomatic_Edge_Selection/build/CMakeFiles/CMakeTmp/CheckSymbolExists.cxx: In function ‘int main(int, char**)’:
/home/reza/Qt_Workspace/Authomatic_Edge_Selection/build/CMakeFiles/CMakeTmp/CheckSymbolExists.cxx:8:19: error: ‘Q_WS_QWS’ was not declared in this scope
   return ((int*)(&Q_WS_QWS))[argc];
                   ^
make[1]: *** [CMakeFiles/cmTryCompileExec1729587579.dir/CheckSymbolExists.cxx.o] Error 1
make[1]: Leaving directory `/home/reza/Qt_Workspace/Authomatic_Edge_Selection/build/CMakeFiles/CMakeTmp'
make: *** [cmTryCompileExec1729587579/fast] Error 2

File /home/reza/Qt_Workspace/Authomatic_Edge_Selection/build/CMakeFiles/CMakeTmp/CheckSymbolExists.cxx:
/* */
#include <QtCore/qglobal.h>

int main(int argc, char** argv)
{
  (void)argv;
#ifndef Q_WS_QWS
  return ((int*)(&Q_WS_QWS))[argc];
#else
  (void)argc;
  return 0;
#endif
}

Determining if the Q_WS_MAC exist failed with the following output:
Change Dir: /home/reza/Qt_Workspace/Authomatic_Edge_Selection/build/CMakeFiles/CMakeTmp

Run Build Command:/usr/bin/make "cmTryCompileExec583307137/fast"
/usr/bin/make -f CMakeFiles/cmTryCompileExec583307137.dir/build.make CMakeFiles/cmTryCompileExec583307137.dir/build
make[1]: Entering directory `/home/reza/Qt_Workspace/Authomatic_Edge_Selection/build/CMakeFiles/CMakeTmp'
/usr/bin/cmake -E cmake_progress_report /home/reza/Qt_Workspace/Authomatic_Edge_Selection/build/CMakeFiles/CMakeTmp/CMakeFiles 1
Building CXX object CMakeFiles/cmTryCompileExec583307137.dir/CheckSymbolExists.cxx.o
/usr/bin/c++    -I/usr/include/qt4    -o CMakeFiles/cmTryCompileExec583307137.dir/CheckSymbolExists.cxx.o -c /home/reza/Qt_Workspace/Authomatic_Edge_Selection/build/CMakeFiles/CMakeTmp/CheckSymbolExists.cxx
/home/reza/Qt_Workspace/Authomatic_Edge_Selection/build/CMakeFiles/CMakeTmp/CheckSymbolExists.cxx: In function ‘int main(int, char**)’:
/home/reza/Qt_Workspace/Authomatic_Edge_Selection/build/CMakeFiles/CMakeTmp/CheckSymbolExists.cxx:8:19: error: ‘Q_WS_MAC’ was not declared in this scope
   return ((int*)(&Q_WS_MAC))[argc];
                   ^
make[1]: *** [CMakeFiles/cmTryCompileExec583307137.dir/CheckSymbolExists.cxx.o] Error 1
make[1]: Leaving directory `/home/reza/Qt_Workspace/Authomatic_Edge_Selection/build/CMakeFiles/CMakeTmp'
make: *** [cmTryCompileExec583307137/fast] Error 2

File /home/reza/Qt_Workspace/Authomatic_Edge_Selection/build/CMakeFiles/CMakeTmp/CheckSymbolExists.cxx:
/* */
#include <QtCore/qglobal.h>

int main(int argc, char** argv)
{
  (void)argv;
#ifndef Q_WS_MAC
  return ((int*)(&Q_WS_MAC))[argc];
#else
  (void)argc;
  return 0;
#endif
}

